<?xml version="1.0" encoding="UTF-8"?>
<testsuite xmlns:xsi="http://www.w3.org/2001/XMLSchema-instance" xsi:noNamespaceSchemaLocation="https://maven.apache.org/surefire/maven-surefire-plugin/xsd/surefire-test-report-3.0.xsd" version="3.0" name="com.example.demo.EmailWebApiApplicationTests" time="60.706" tests="1" errors="0" skipped="0" failures="0">
  <properties>
[...]
</properties>
  <testcase name="contextLoads" classname="com.example.demo.EmailWebApiApplicationTests" time="40.406">
    <system-out><![CDATA[21:54:19.712 [main] INFO org.springframework.test.context.support.AnnotationConfigContextLoaderUtils -- Could not detect default configuration classes for test class [com.example.demo.EmailWebApiApplicationTests]: EmailWebApiApplicationTests does not declare any static, non-private, non-final, nested classes annotated with @Configuration.
21:54:20.780 [main] INFO org.springframework.boot.test.context.SpringBootTestContextBootstrapper -- Found @SpringBootConfiguration com.example.demo.EmailWebApiApplication for test class com.example.demo.EmailWebApiApplicationTests
21:54:23.129 [main] INFO org.springframework.boot.devtools.restart.RestartApplicationListener -- Restart disabled due to context in which it is running
  .   ____          _            __ _ _
 /\\ / ___'_ __ _ _(_)_ __  __ _ \ \ \ \
( ( )\___ | '_ | '_| | '_ \/ _` | \ \ \ \
 \\/  ___)| |_)| | | | | || (_| |  ) ) ) )
  '  |____| .__|_| |_|_| |_\__, | / / / /
 =========|_|==============|___/=/_/_/_/

 :: Spring Boot ::                (v3.3.0)

2024-05-28T21:54:26.930+05:30  INFO 17548 --- [emailWebAPI] [           main] c.e.demo.EmailWebApiApplicationTests     : Starting EmailWebApiApplicationTests using Java 20.0.1 with PID 17548 (started by Shudhanshu Jaiswal in C:\Users\Shudhanshu Jaiswal\git\emaildemo\emailWebAPI)
2024-05-28T21:54:26.935+05:30  INFO 17548 --- [emailWebAPI] [           main] c.e.demo.EmailWebApiApplicationTests     : No active profile set, falling back to 1 default profile: "default"
2024-05-28T21:54:35.761+05:30  INFO 17548 --- [emailWebAPI] [           main] c.e.demo.EmailWebApiApplicationTests     : Started EmailWebApiApplicationTests in 13.031 seconds (process running for 24.191)
]]></system-out>
  </testcase>
</testsuite>